12:00:05.092 [main] INFO Agent.premain: To disable the automatic creation of this log file, set the system property appmap.disableLogFile to 'true'
12:00:05.093 [main] INFO Agent.premain: Agent version 1.26.5, current time mills: 1711623604824
12:00:05.093 [main] INFO Agent.premain: config: {
	"configFile":"appmap.yml",
	"name":"katamorse",
	"packages":[{
		"allMethods":true,
		"exclude":[],
		"path":"com.sopra.practicas",
		"shallow":false
	}]
}
12:00:05.172 [main] INFO Agent.premain: System properties: {java.specification.version=17, sun.cpu.isalist=amd64, sun.jnu.encoding=Cp1252, java.class.path=c:\Users\elruiz\Documents\katas\katamorse\target\test-classes;c:\Users\elruiz\Documents\katas\katamorse\target\classes;c:\Users\elruiz\.m2\repository\junit\junit\4.13.2\junit-4.13.2.jar;c:\Users\elruiz\.m2\repository\org\hamcrest\hamcrest-core\1.3\hamcrest-core-1.3.jar;c:\Users\elruiz\AppData\Roaming\Code\User\globalStorage\redhat.java\1.28.1\config_win\org.eclipse.osgi\111\0\.cp;c:\Users\elruiz\AppData\Roaming\Code\User\globalStorage\redhat.java\1.28.1\config_win\org.eclipse.osgi\54\0\.cp, java.vm.vendor=Eclipse Adoptium, sun.arch.data.model=64, user.variant=, java.vendor.url=https://adoptium.net/, user.timezone=Europe/Madrid, java.vm.specification.version=17, os.name=Windows 11, sun.java.launcher=SUN_STANDARD, user.country=ES, sun.boot.library.path=C:\Program Files\Eclipse Adoptium\jdk-17.0.10.7-hotspot\bin, sun.java.command=org.eclipse.jdt.internal.junit.runner.RemoteTestRunner -version 3 -port 56716 -testLoaderClass org.eclipse.jdt.internal.junit4.runner.JUnit4TestLoader -loaderpluginname org.eclipse.jdt.junit4.runtime -test TestDecodingMorse:testToProveThatReturnsE, jdk.debug=release, sun.cpu.endian=little, user.home=C:\Users\elruiz, user.language=es, java.specification.vendor=Oracle Corporation, java.version.date=2024-01-16, java.home=C:\Program Files\Eclipse Adoptium\jdk-17.0.10.7-hotspot, file.separator=\, java.vm.compressedOopsMode=Zero based, line.separator=
, java.vm.specification.vendor=Oracle Corporation, java.specification.name=Java Platform API Specification, appmap.output.directory=tmp/appmap, user.script=, sun.management.compiler=HotSpot 64-Bit Tiered Compilers, java.runtime.version=17.0.10+7, user.name=elruiz, path.separator=;, os.version=10.0, java.runtime.name=OpenJDK Runtime Environment, file.encoding=UTF-8, java.vm.name=OpenJDK 64-Bit Server VM, java.vendor.version=Temurin-17.0.10+7, java.vendor.url.bug=https://github.com/adoptium/adoptium-support/issues, java.io.tmpdir=C:\Users\elruiz\AppData\Local\Temp\, java.version=17.0.10, user.dir=C:\Users\elruiz\Documents\katas\katamorse, os.arch=amd64, java.vm.specification.name=Java Virtual Machine Specification, sun.os.patch.level=, native.encoding=Cp1252, java.library.path=C:\Program Files\Eclipse Adoptium\jdk-17.0.10.7-hotspot\bin;C:\Windows\Sun\Java\bin;C:\Windows\system32;C:\Windows;C:\Python312\Scripts\;C:\Python312\;C:\Windows\system32;C:\Windows;C:\Windows\System32\Wbem;C:\Windows\System32\WindowsPowerShell\v1.0\;C:\Windows\System32\OpenSSH\;C:\Program Files (x86)\Pulse Secure\VC142.CRT\X64\;C:\Program Files (x86)\Pulse Secure\VC142.CRT\X86\;C:\Program Files (x86)\Common Files\Pulse Secure\TNC Client Plugin\;C:\Program Files\Eclipse Adoptium\jdk-17.0.10.7-hotspot\bin;C:\apache-maven-3.9.6\bin;C:\Program Files\Git\cmd;C:\Program Files\WindowsPowerShell\Scripts\HP.ClientScriptLibrary;C:\Program Files\nodejs\;C:\ProgramData\chocolatey\bin;C:\Users\elruiz\.console-ninja\.bin;C:\Users\elruiz\AppData\Local\Microsoft\WindowsApps;C:\Users\elruiz\AppData\Local\Programs\Microsoft VS Code\bin;C:\Users\elruiz\AppData\Roaming\npm;., java.vm.info=mixed mode, sharing, java.vendor=Eclipse Adoptium, java.vm.version=17.0.10+7, sun.io.unicode.encoding=UnicodeLittle, java.class.version=61.0}
12:00:06.766 [main] INFO Recording.moveTo: Saving AppMap C:\Users\elruiz\Documents\katas\katamorse\tmp\appmap\junit\TestDecodingMorse_testToProveThatReturnsE.appmap.json
12:00:06.782 [Thread-3] INFO ClassFileTransformer.lambda$logStatistics$14: +++ method call +++
12:00:06.782 [Thread-3] INFO ClassFileTransformer.lambda$logStatistics$14: classes examined: 1332
12:00:06.784 [Thread-3] INFO ClassFileTransformer.lambda$logStatistics$14: classes ignored: 353
12:00:06.784 [Thread-3] INFO ClassFileTransformer.lambda$logStatistics$14: methods examined: 3412
12:00:06.784 [Thread-3] INFO ClassFileTransformer.lambda$logStatistics$14: methods instrumented: 6
12:00:06.784 [Thread-3] INFO ClassFileTransformer.lambda$logStatistics$14: === method call ===
12:00:06.784 [Thread-3] INFO ClassFileTransformer.lambda$logStatistics$14: +++ system hook +++
12:00:06.784 [Thread-3] INFO ClassFileTransformer.lambda$logStatistics$14: classes examined: 336
12:00:06.784 [Thread-3] INFO ClassFileTransformer.lambda$logStatistics$14: classes ignored: 250
12:00:06.784 [Thread-3] INFO ClassFileTransformer.lambda$logStatistics$14: methods examined: 2403
12:00:06.784 [Thread-3] INFO ClassFileTransformer.lambda$logStatistics$14: methods instrumented: 1
12:00:06.784 [Thread-3] INFO ClassFileTransformer.lambda$logStatistics$14: === system hook ===
